<?xml version="1.0" encoding="UTF-8"?>
<testng-results ignored="0" total="2" passed="2" failed="0" skipped="0">
  <reporter-output>
  </reporter-output>
  <suite started-at="2024-12-17T15:05:36 IST" name="Default suite" finished-at="2024-12-17T15:06:09 IST" duration-ms="32699">
    <groups>
      <group name="cucumber">
        <method signature="AbstractTestNGCucumberTests.runScenario(io.cucumber.testng.PickleWrapper,io.cucumber.testng.FeatureWrapper)[pri:0, instance:Runners.MyRunner@5032714f]" name="runScenario" class="io.cucumber.testng.AbstractTestNGCucumberTests"/>
      </group> <!-- cucumber -->
    </groups>
    <test started-at="2024-12-17T15:05:36 IST" name="Default test" finished-at="2024-12-17T15:06:09 IST" duration-ms="32699">
      <class name="Runners.MyRunner">
        <test-method is-config="true" signature="setUpClass(org.testng.ITestContext)[pri:0, instance:Runners.MyRunner@5032714f]" started-at="2024-12-17T15:05:36 IST" name="setUpClass" finished-at="2024-12-17T15:05:37 IST" duration-ms="997" status="PASS">
          <params>
            <param index="0">
              <value>
                <![CDATA[org.testng.TestRunner@a2ddf26]]>
              </value>
            </param>
          </params>
          <reporter-output>
          </reporter-output>
        </test-method> <!-- setUpClass -->
        <test-method signature="runScenario(io.cucumber.testng.PickleWrapper,io.cucumber.testng.FeatureWrapper)[pri:0, instance:Runners.MyRunner@5032714f]" started-at="2024-12-17T15:05:37 IST" name="runScenario" description="Runs Cucumber Scenarios" data-provider="scenarios" finished-at="2024-12-17T15:05:58 IST" duration-ms="20254" status="PASS">
          <params>
            <param index="0">
              <value>
                <![CDATA["Verify successfull login with valid details"]]>
              </value>
            </param>
            <param index="1">
              <value>
                <![CDATA["Verify login functionality"]]>
              </value>
            </param>
          </params>
          <reporter-output>
          </reporter-output>
        </test-method> <!-- runScenario -->
        <test-method signature="runScenario(io.cucumber.testng.PickleWrapper,io.cucumber.testng.FeatureWrapper)[pri:0, instance:Runners.MyRunner@5032714f]" started-at="2024-12-17T15:05:58 IST" name="runScenario" description="Runs Cucumber Scenarios" data-provider="scenarios" finished-at="2024-12-17T15:06:09 IST" duration-ms="11348" status="PASS">
          <params>
            <param index="0">
              <value>
                <![CDATA["Verify successfull login with valid details"]]>
              </value>
            </param>
            <param index="1">
              <value>
                <![CDATA["Verify login functionality"]]>
              </value>
            </param>
          </params>
          <reporter-output>
          </reporter-output>
        </test-method> <!-- runScenario -->
        <test-method is-config="true" signature="tearDownClass()[pri:0, instance:Runners.MyRunner@5032714f]" started-at="2024-12-17T15:06:09 IST" name="tearDownClass" finished-at="2024-12-17T15:06:09 IST" duration-ms="27" status="PASS">
          <reporter-output>
          </reporter-output>
        </test-method> <!-- tearDownClass -->
      </class> <!-- Runners.MyRunner -->
    </test> <!-- Default test -->
  </suite> <!-- Default suite -->
</testng-results>
